<?xml version="1.0" encoding="utf-8"?><testsuites name="pytest tests"><testsuite name="pytest" errors="0" failures="0" skipped="0" tests="17" time="13.937" timestamp="2026-03-06T22:20:44.672940+00:00" hostname="agent-env-f01cd102-ddf1-405b-8624-13310399faf7"><testcase classname="backend.tests.test_profile_api.TestHealthEndpoints" name="test_api_health" time="0.237" /><testcase classname="backend.tests.test_profile_api.TestHealthEndpoints" name="test_api_root" time="0.138" /><testcase classname="backend.tests.test_profile_api.TestAuthAndProfile" name="test_get_auth_me" time="3.406" /><testcase classname="backend.tests.test_profile_api.TestAuthAndProfile" name="test_patch_usuarios_me_update_nome" time="0.887" /><testcase classname="backend.tests.test_profile_api.TestAuthAndProfile" name="test_patch_usuarios_me_update_telefone" time="0.909" /><testcase classname="backend.tests.test_profile_api.TestAuthAndProfile" name="test_patch_usuarios_me_update_endereco" time="0.898" /><testcase classname="backend.tests.test_profile_api.TestAuthAndProfile" name="test_patch_usuarios_me_valid_bi" time="0.881" /><testcase classname="backend.tests.test_profile_api.TestAuthAndProfile" name="test_patch_usuarios_me_invalid_bi_format" time="0.366" /><testcase classname="backend.tests.test_profile_api.TestAuthAndProfile" name="test_patch_usuarios_me_invalid_bi_letters" time="0.380" /><testcase classname="backend.tests.test_profile_api.TestAuthAndProfile" name="test_patch_usuarios_me_update_alertas" time="0.916" /><testcase classname="backend.tests.test_profile_api.TestAuthAndProfile" name="test_patch_usuarios_me_update_zonas" time="0.897" /><testcase classname="backend.tests.test_profile_api.TestAuthAndProfile" name="test_patch_usuarios_me_empty_body" time="0.361" /><testcase classname="backend.tests.test_profile_api.TestAuthAndProfile" name="test_patch_usuarios_me_verify_persistence" time="1.265" /><testcase classname="backend.tests.test_profile_api.TestAuthAndProfile" name="test_patch_usuarios_me_unauthorized" time="0.110" /><testcase classname="backend.tests.test_profile_api.TestAdminLogin" name="test_admin_login" time="0.587" /><testcase classname="backend.tests.test_profile_api.TestNotificationPolling" name="test_get_acidentes_ativos" time="1.215" /><testcase classname="backend.tests.test_profile_api.TestNotificationPolling" name="test_get_zonas_criticas" time="0.369" /></testsuite></testsuites>