<?xml version="1.0" encoding="utf-8"?><testsuites name="pytest tests"><testsuite name="pytest" errors="0" failures="0" skipped="0" tests="27" time="18.840" timestamp="2026-03-08T17:17:31.230782+00:00" hostname="agent-env-f01cd102-ddf1-405b-8624-13310399faf7"><testcase classname="tests.test_dnvt_api.TestHealthEndpoints" name="test_root_endpoint" time="0.263" /><testcase classname="tests.test_dnvt_api.TestHealthEndpoints" name="test_health_check" time="0.140" /><testcase classname="tests.test_dnvt_api.TestAuthenticationFlow" name="test_register_user" time="2.999" /><testcase classname="tests.test_dnvt_api.TestAuthenticationFlow" name="test_login_with_valid_credentials" time="0.595" /><testcase classname="tests.test_dnvt_api.TestAuthenticationFlow" name="test_login_with_invalid_credentials" time="0.358" /><testcase classname="tests.test_dnvt_api.TestAuthenticationFlow" name="test_get_current_user" time="0.357" /><testcase classname="tests.test_dnvt_api.TestAuthenticationFlow" name="test_get_me_without_token" time="0.106" /><testcase classname="tests.test_dnvt_api.TestAdminLogin" name="test_admin_login" time="0.579" /><testcase classname="tests.test_dnvt_api.TestUserProfile" name="test_update_profile_nome" time="1.756" /><testcase classname="tests.test_dnvt_api.TestUserProfile" name="test_update_profile_telefone" time="0.918" /><testcase classname="tests.test_dnvt_api.TestUserProfile" name="test_update_profile_bilhete_identidade_valid" time="0.868" /><testcase classname="tests.test_dnvt_api.TestUserProfile" name="test_update_profile_bilhete_identidade_invalid" time="0.398" /><testcase classname="tests.test_dnvt_api.TestUserProfile" name="test_update_profile_without_auth" time="0.114" /><testcase classname="tests.test_dnvt_api.TestAcidentesEndpoints" name="test_list_acidentes_ativos" time="0.377" /><testcase classname="tests.test_dnvt_api.TestAcidentesEndpoints" name="test_list_acidentes_with_filters" time="0.363" /><testcase classname="tests.test_dnvt_api.TestAcidentesEndpoints" name="test_create_acidente" time="1.544" /><testcase classname="tests.test_dnvt_api.TestAcidentesEndpoints" name="test_get_acidente_by_id" time="0.397" /><testcase classname="tests.test_dnvt_api.TestAcidentesEndpoints" name="test_update_acidente" time="1.138" /><testcase classname="tests.test_dnvt_api.TestAcidentesEndpoints" name="test_get_nonexistent_acidente" time="0.365" /><testcase classname="tests.test_dnvt_api.TestAcidentesEndpoints" name="test_create_acidente_without_auth" time="0.104" /><testcase classname="tests.test_dnvt_api.TestEstatisticasEndpoints" name="test_get_resumo" time="2.674" /><testcase classname="tests.test_dnvt_api.TestEstatisticasEndpoints" name="test_get_mensal" time="0.428" /><testcase classname="tests.test_dnvt_api.TestEstatisticasEndpoints" name="test_get_por_hora" time="0.368" /><testcase classname="tests.test_dnvt_api.TestEstatisticasEndpoints" name="test_get_por_dia_semana" time="0.378" /><testcase classname="tests.test_dnvt_api.TestZonasCriticasEndpoints" name="test_list_zonas_criticas" time="0.383" /><testcase classname="tests.test_dnvt_api.TestZonasCriticasEndpoints" name="test_calcular_zonas_criticas" time="0.353" /><testcase classname="tests.test_dnvt_api.TestRotasEndpoints" name="test_verificar_acidentes_rota" time="0.359" /></testsuite></testsuites>